{"C:\\Users\\hrlds\\Documents\\Github\\InvPruebasUnitarias\\Pruebas Unitarias javascript\\palindromo.js": {"path":"C:\\Users\\hrlds\\Documents\\Github\\InvPruebasUnitarias\\Pruebas Unitarias javascript\\palindromo.js","statementMap":{"0":{"start":{"line":2,"column":18},"end":{"line":2,"column":30}},"1":{"start":{"line":3,"column":4},"end":{"line":5,"column":5}},"2":{"start":{"line":4,"column":8},"end":{"line":4,"column":19}},"3":{"start":{"line":7,"column":4},"end":{"line":10,"column":5}},"4":{"start":{"line":8,"column":6},"end":{"line":9,"column":20}},"5":{"start":{"line":9,"column":8},"end":{"line":9,"column":20}},"6":{"start":{"line":11,"column":4},"end":{"line":11,"column":15}},"7":{"start":{"line":14,"column":2},"end":{"line":14,"column":31}}},"fnMap":{"0":{"name":"isPalindrome","decl":{"start":{"line":1,"column":9},"end":{"line":1,"column":21}},"loc":{"start":{"line":1,"column":25},"end":{"line":12,"column":3}},"line":1}},"branchMap":{"0":{"loc":{"start":{"line":3,"column":4},"end":{"line":5,"column":5}},"type":"if","locations":[{"start":{"line":3,"column":4},"end":{"line":5,"column":5}},{"start":{},"end":{}}],"line":3},"1":{"loc":{"start":{"line":8,"column":6},"end":{"line":9,"column":20}},"type":"if","locations":[{"start":{"line":8,"column":6},"end":{"line":9,"column":20}},{"start":{},"end":{}}],"line":8}},"s":{"0":6,"1":6,"2":3,"3":3,"4":4,"5":2,"6":1,"7":1},"f":{"0":6},"b":{"0":[3,3],"1":[2,2]},"_coverageSchema":"1a1c01bbd47fc00a2c39e90264f33305004495a9","hash":"3732586d8a807ca0a5a21e0615cb204bfa1c59f2"}
}
